<?xml version="1.0" encoding="UTF-8"?>
<!-- Generated by org.testng.reporters.JUnitReportReporter -->
<testsuite hostname="DESKTOP-ABLBB1N" failures="0" tests="4" name="api.test.UserTests" time="10.013" errors="0" timestamp="2025-01-02T12:08:28 IST" skipped="0">
  <testcase classname="api.test.UserTests" name="testPostUser" time="4.872"/>
  <testcase classname="api.test.UserTests" name="testGetUser" time="1.308"/>
  <testcase classname="api.test.UserTests" name="testUpdateUser" time="2.526"/>
  <testcase classname="api.test.UserTests" name="testDeleteUser" time="1.307"/>
</testsuite> <!-- api.test.UserTests -->
