<?xml version="1.0" encoding="UTF-8"?>
<!-- Generated by org.testng.reporters.JUnitReportReporter -->
<testsuite hostname="DESKTOP-ABLBB1N" failures="0" tests="4" name="api.test.UserTests" time="18.120" errors="0" timestamp="2025-03-24T16:09:26 IST" skipped="0">
  <testcase classname="api.test.UserTests" name="testPostUser" time="5.816"/>
  <testcase classname="api.test.UserTests" name="testGetUser" time="3.661"/>
  <testcase classname="api.test.UserTests" name="testUpdateUser" time="5.059"/>
  <testcase classname="api.test.UserTests" name="testDeleteUser" time="3.584"/>
</testsuite> <!-- api.test.UserTests -->
