<?xml version="1.0" encoding="UTF-8"?>
<!-- Generated by org.testng.reporters.JUnitReportReporter -->
<testsuite hostname="DESKTOP-ABLBB1N" failures="0" tests="10" name="api.test.DataDrivenTests" time="17.217" errors="0" timestamp="2024-12-27T21:57:29 IST" skipped="0">
  <testcase classname="api.test.DataDrivenTests" name="testPostUserDDT" time="3.732"/>
  <testcase classname="api.test.DataDrivenTests" name="testPostUserDDT" time="1.455"/>
  <testcase classname="api.test.DataDrivenTests" name="testPostUserDDT" time="1.534"/>
  <testcase classname="api.test.DataDrivenTests" name="testPostUserDDT" time="1.548"/>
  <testcase classname="api.test.DataDrivenTests" name="testPostUserDDT" time="1.544"/>
  <testcase classname="api.test.DataDrivenTests" name="testDeleteUseDDT" time="1.410"/>
  <testcase classname="api.test.DataDrivenTests" name="testDeleteUseDDT" time="1.423"/>
  <testcase classname="api.test.DataDrivenTests" name="testDeleteUseDDT" time="1.564"/>
  <testcase classname="api.test.DataDrivenTests" name="testDeleteUseDDT" time="1.444"/>
  <testcase classname="api.test.DataDrivenTests" name="testDeleteUseDDT" time="1.563"/>
</testsuite> <!-- api.test.DataDrivenTests -->
