<?xml version="1.0" encoding="UTF-8"?>
<!-- Generated by org.testng.reporters.JUnitReportReporter -->
<testsuite hostname="DESKTOP-ABLBB1N" failures="0" tests="10" name="api.test.DataDrivenTests" time="13.085" errors="0" timestamp="2025-01-02T11:57:45 IST" skipped="0">
  <testcase classname="api.test.DataDrivenTests" name="testPostUserDDT" time="1.323"/>
  <testcase classname="api.test.DataDrivenTests" name="testPostUserDDT" time="1.348"/>
  <testcase classname="api.test.DataDrivenTests" name="testPostUserDDT" time="1.381"/>
  <testcase classname="api.test.DataDrivenTests" name="testPostUserDDT" time="1.369"/>
  <testcase classname="api.test.DataDrivenTests" name="testPostUserDDT" time="1.227"/>
  <testcase classname="api.test.DataDrivenTests" name="testDeleteUseDDT" time="1.316"/>
  <testcase classname="api.test.DataDrivenTests" name="testDeleteUseDDT" time="1.259"/>
  <testcase classname="api.test.DataDrivenTests" name="testDeleteUseDDT" time="1.331"/>
  <testcase classname="api.test.DataDrivenTests" name="testDeleteUseDDT" time="1.221"/>
  <testcase classname="api.test.DataDrivenTests" name="testDeleteUseDDT" time="1.310"/>
</testsuite> <!-- api.test.DataDrivenTests -->
