<?xml version="1.0" encoding="UTF-8"?>
<!-- Generated by org.testng.reporters.JUnitReportReporter -->
<testsuite hostname="DESKTOP-ABLBB1N" failures="0" tests="10" name="api.test.DataDrivenTests" time="12.248" errors="0" timestamp="2025-01-02T12:08:28 IST" skipped="0">
  <testcase classname="api.test.DataDrivenTests" name="testPostUserDDT" time="1.177"/>
  <testcase classname="api.test.DataDrivenTests" name="testPostUserDDT" time="1.237"/>
  <testcase classname="api.test.DataDrivenTests" name="testPostUserDDT" time="1.241"/>
  <testcase classname="api.test.DataDrivenTests" name="testPostUserDDT" time="1.259"/>
  <testcase classname="api.test.DataDrivenTests" name="testPostUserDDT" time="1.315"/>
  <testcase classname="api.test.DataDrivenTests" name="testDeleteUseDDT" time="1.175"/>
  <testcase classname="api.test.DataDrivenTests" name="testDeleteUseDDT" time="1.175"/>
  <testcase classname="api.test.DataDrivenTests" name="testDeleteUseDDT" time="1.238"/>
  <testcase classname="api.test.DataDrivenTests" name="testDeleteUseDDT" time="1.207"/>
  <testcase classname="api.test.DataDrivenTests" name="testDeleteUseDDT" time="1.224"/>
</testsuite> <!-- api.test.DataDrivenTests -->
