<?xml version="1.0" encoding="UTF-8"?>
<!-- Generated by org.testng.reporters.JUnitReportReporter -->
<testsuite hostname="DESKTOP-ABLBB1N" failures="0" tests="4" name="api.test.UserTests" time="10.419" errors="0" timestamp="2025-01-02T11:57:44 IST" skipped="0">
  <testcase classname="api.test.UserTests" name="testPostUser" time="5.283"/>
  <testcase classname="api.test.UserTests" name="testGetUser" time="1.318"/>
  <testcase classname="api.test.UserTests" name="testUpdateUser" time="2.558"/>
  <testcase classname="api.test.UserTests" name="testDeleteUser" time="1.260"/>
</testsuite> <!-- api.test.UserTests -->
