<?xml version="1.0" encoding="UTF-8"?>
<!-- Generated by org.testng.reporters.JUnitReportReporter -->
<testsuite hostname="DESKTOP-ABLBB1N" failures="0" tests="4" name="api.test.UserTests" time="16.220" errors="0" timestamp="2024-12-27T18:04:35 IST" skipped="0">
  <testcase classname="api.test.UserTests" name="testPostUser" time="5.102"/>
  <testcase classname="api.test.UserTests" name="testGetUser" time="3.775"/>
  <testcase classname="api.test.UserTests" name="testUpdateUser" time="4.311"/>
  <testcase classname="api.test.UserTests" name="testDeleteUser" time="3.032"/>
</testsuite> <!-- api.test.UserTests -->
